This is pdfTeX, Version 3.1415926-2.5-1.40.14 (TeX Live 2013/TeX Live for SUSE Linux) (format=latex 2014.6.20)  16 FEB 2018 16:04
entering extended mode
 restricted \write18 enabled.
 Source specials enabled.
 %&-line parsing enabled.
**main.tex
(./main.tex
LaTeX2e <2011/06/27>
Babel <3.9f> and hyphenation patterns for 78 languages loaded.
(./mitthesis.cls
Document Class: mitthesis 1999/10/20
\vithesis=\count79
(/usr/share/texmf/tex/latex/base/report.cls
Document Class: report 2007/10/19 v1.4h Standard LaTeX document class
(/usr/share/texmf/tex/latex/base/size12.clo
File: size12.clo 2007/10/19 v1.4h Standard LaTeX file (size option)
)
\c@part=\count80
\c@chapter=\count81
\c@section=\count82
\c@subsection=\count83
\c@subsubsection=\count84
\c@paragraph=\count85
\c@subparagraph=\count86
\c@figure=\count87
\c@table=\count88
\abovecaptionskip=\skip41
\belowcaptionskip=\skip42
\bibindent=\dimen102
)
(/usr/share/texmf/tex/latex/setspace/setspace.sty
Package: setspace 2011/12/19 v6.7a set line spacing
)
Thesis document copyright MIT unless otherwise (manually) specified
\@titlesupervisor=\box26
\@abstractsupervisor=\box27
\c@savepage=\count89
) (./lgrind.sty
Package: lgrind 1997/01/30 v3.4 LGrind environment and supporting stuff
\lc@unt=\count90
\ln@xt=\count91
\LGnuminterval=\count92
\LGindent=\skip43
\LGsloppy=\skip44
\procbox=\box28
\ls@far=\box29
\tb@x=\box30
\TBw@d=\dimen103
\@ts=\dimen104
) (/usr/share/texmf/tex/latex/cmap/cmap.sty
Package: cmap 2008/03/06 v1.0h CMap support: searchable PDF


Package cmap Warning: pdftex in DVI mode - exiting.

) (/usr/share/texmf/tex/latex/base/fontenc.sty
Package: fontenc 2005/09/27 v1.99g Standard LaTeX package

(/usr/share/texmf/tex/latex/base/t1enc.def
File: t1enc.def 2005/09/27 v1.99g Standard LaTeX file
LaTeX Font Info:    Redeclaring font encoding T1 on input line 43.
))
(/usr/share/texmf/tex/latex/cite/cite.sty
LaTeX Info: Redefining \cite on input line 302.
LaTeX Info: Redefining \nocite on input line 373.
Package: cite 2010/09/10  v 5.3
)
(/usr/share/texmf/tex/latex/base/inputenc.sty
Package: inputenc 2008/03/30 v1.1d Input encoding file
\inpenc@prehook=\toks14
\inpenc@posthook=\toks15

(/usr/share/texmf/tex/latex/base/utf8.def
File: utf8.def 2008/04/05 v1.1m UTF-8 support for inputenc
Now handling font encoding OML ...
... no UTF-8 mapping file for font encoding OML
Now handling font encoding T1 ...
... processing UTF-8 mapping file for font encoding T1

(/usr/share/texmf/tex/latex/base/t1enc.dfu
File: t1enc.dfu 2008/04/05 v1.1m UTF-8 support for inputenc
   defining Unicode char U+00A1 (decimal 161)
   defining Unicode char U+00A3 (decimal 163)
   defining Unicode char U+00AB (decimal 171)
   defining Unicode char U+00BB (decimal 187)
   defining Unicode char U+00BF (decimal 191)
   defining Unicode char U+00C0 (decimal 192)
   defining Unicode char U+00C1 (decimal 193)
   defining Unicode char U+00C2 (decimal 194)
   defining Unicode char U+00C3 (decimal 195)
   defining Unicode char U+00C4 (decimal 196)
   defining Unicode char U+00C5 (decimal 197)
   defining Unicode char U+00C6 (decimal 198)
   defining Unicode char U+00C7 (decimal 199)
   defining Unicode char U+00C8 (decimal 200)
   defining Unicode char U+00C9 (decimal 201)
   defining Unicode char U+00CA (decimal 202)
   defining Unicode char U+00CB (decimal 203)
   defining Unicode char U+00CC (decimal 204)
   defining Unicode char U+00CD (decimal 205)
   defining Unicode char U+00CE (decimal 206)
   defining Unicode char U+00CF (decimal 207)
   defining Unicode char U+00D0 (decimal 208)
   defining Unicode char U+00D1 (decimal 209)
   defining Unicode char U+00D2 (decimal 210)
   defining Unicode char U+00D3 (decimal 211)
   defining Unicode char U+00D4 (decimal 212)
   defining Unicode char U+00D5 (decimal 213)
   defining Unicode char U+00D6 (decimal 214)
   defining Unicode char U+00D8 (decimal 216)
   defining Unicode char U+00D9 (decimal 217)
   defining Unicode char U+00DA (decimal 218)
   defining Unicode char U+00DB (decimal 219)
   defining Unicode char U+00DC (decimal 220)
   defining Unicode char U+00DD (decimal 221)
   defining Unicode char U+00DE (decimal 222)
   defining Unicode char U+00DF (decimal 223)
   defining Unicode char U+00E0 (decimal 224)
   defining Unicode char U+00E1 (decimal 225)
   defining Unicode char U+00E2 (decimal 226)
   defining Unicode char U+00E3 (decimal 227)
   defining Unicode char U+00E4 (decimal 228)
   defining Unicode char U+00E5 (decimal 229)
   defining Unicode char U+00E6 (decimal 230)
   defining Unicode char U+00E7 (decimal 231)
   defining Unicode char U+00E8 (decimal 232)
   defining Unicode char U+00E9 (decimal 233)
   defining Unicode char U+00EA (decimal 234)
   defining Unicode char U+00EB (decimal 235)
   defining Unicode char U+00EC (decimal 236)
   defining Unicode char U+00ED (decimal 237)
   defining Unicode char U+00EE (decimal 238)
   defining Unicode char U+00EF (decimal 239)
   defining Unicode char U+00F0 (decimal 240)
   defining Unicode char U+00F1 (decimal 241)
   defining Unicode char U+00F2 (decimal 242)
   defining Unicode char U+00F3 (decimal 243)
   defining Unicode char U+00F4 (decimal 244)
   defining Unicode char U+00F5 (decimal 245)
   defining Unicode char U+00F6 (decimal 246)
   defining Unicode char U+00F8 (decimal 248)
   defining Unicode char U+00F9 (decimal 249)
   defining Unicode char U+00FA (decimal 250)
   defining Unicode char U+00FB (decimal 251)
   defining Unicode char U+00FC (decimal 252)
   defining Unicode char U+00FD (decimal 253)
   defining Unicode char U+00FE (decimal 254)
   defining Unicode char U+00FF (decimal 255)
   defining Unicode char U+0102 (decimal 258)
   defining Unicode char U+0103 (decimal 259)
   defining Unicode char U+0104 (decimal 260)
   defining Unicode char U+0105 (decimal 261)
   defining Unicode char U+0106 (decimal 262)
   defining Unicode char U+0107 (decimal 263)
   defining Unicode char U+010C (decimal 268)
   defining Unicode char U+010D (decimal 269)
   defining Unicode char U+010E (decimal 270)
   defining Unicode char U+010F (decimal 271)
   defining Unicode char U+0110 (decimal 272)
   defining Unicode char U+0111 (decimal 273)
   defining Unicode char U+0118 (decimal 280)
   defining Unicode char U+0119 (decimal 281)
   defining Unicode char U+011A (decimal 282)
   defining Unicode char U+011B (decimal 283)
   defining Unicode char U+011E (decimal 286)
   defining Unicode char U+011F (decimal 287)
   defining Unicode char U+0130 (decimal 304)
   defining Unicode char U+0131 (decimal 305)
   defining Unicode char U+0132 (decimal 306)
   defining Unicode char U+0133 (decimal 307)
   defining Unicode char U+0139 (decimal 313)
   defining Unicode char U+013A (decimal 314)
   defining Unicode char U+013D (decimal 317)
   defining Unicode char U+013E (decimal 318)
   defining Unicode char U+0141 (decimal 321)
   defining Unicode char U+0142 (decimal 322)
   defining Unicode char U+0143 (decimal 323)
   defining Unicode char U+0144 (decimal 324)
   defining Unicode char U+0147 (decimal 327)
   defining Unicode char U+0148 (decimal 328)
   defining Unicode char U+014A (decimal 330)
   defining Unicode char U+014B (decimal 331)
   defining Unicode char U+0150 (decimal 336)
   defining Unicode char U+0151 (decimal 337)
   defining Unicode char U+0152 (decimal 338)
   defining Unicode char U+0153 (decimal 339)
   defining Unicode char U+0154 (decimal 340)
   defining Unicode char U+0155 (decimal 341)
   defining Unicode char U+0158 (decimal 344)
   defining Unicode char U+0159 (decimal 345)
   defining Unicode char U+015A (decimal 346)
   defining Unicode char U+015B (decimal 347)
   defining Unicode char U+015E (decimal 350)
   defining Unicode char U+015F (decimal 351)
   defining Unicode char U+0160 (decimal 352)
   defining Unicode char U+0161 (decimal 353)
   defining Unicode char U+0162 (decimal 354)
   defining Unicode char U+0163 (decimal 355)
   defining Unicode char U+0164 (decimal 356)
   defining Unicode char U+0165 (decimal 357)
   defining Unicode char U+016E (decimal 366)
   defining Unicode char U+016F (decimal 367)
   defining Unicode char U+0170 (decimal 368)
   defining Unicode char U+0171 (decimal 369)
   defining Unicode char U+0178 (decimal 376)
   defining Unicode char U+0179 (decimal 377)
   defining Unicode char U+017A (decimal 378)
   defining Unicode char U+017B (decimal 379)
   defining Unicode char U+017C (decimal 380)
   defining Unicode char U+017D (decimal 381)
   defining Unicode char U+017E (decimal 382)
   defining Unicode char U+200C (decimal 8204)
   defining Unicode char U+2013 (decimal 8211)
   defining Unicode char U+2014 (decimal 8212)
   defining Unicode char U+2018 (decimal 8216)
   defining Unicode char U+2019 (decimal 8217)
   defining Unicode char U+201A (decimal 8218)
   defining Unicode char U+201C (decimal 8220)
   defining Unicode char U+201D (decimal 8221)
   defining Unicode char U+201E (decimal 8222)
   defining Unicode char U+2030 (decimal 8240)
   defining Unicode char U+2031 (decimal 8241)
   defining Unicode char U+2039 (decimal 8249)
   defining Unicode char U+203A (decimal 8250)
   defining Unicode char U+2423 (decimal 9251)
)
Now handling font encoding OT1 ...
... processing UTF-8 mapping file for font encoding OT1

(/usr/share/texmf/tex/latex/base/ot1enc.dfu
File: ot1enc.dfu 2008/04/05 v1.1m UTF-8 support for inputenc
   defining Unicode char U+00A1 (decimal 161)
   defining Unicode char U+00A3 (decimal 163)
   defining Unicode char U+00B8 (decimal 184)
   defining Unicode char U+00BF (decimal 191)
   defining Unicode char U+00C5 (decimal 197)
   defining Unicode char U+00C6 (decimal 198)
   defining Unicode char U+00D8 (decimal 216)
   defining Unicode char U+00DF (decimal 223)
   defining Unicode char U+00E6 (decimal 230)
   defining Unicode char U+00EC (decimal 236)
   defining Unicode char U+00ED (decimal 237)
   defining Unicode char U+00EE (decimal 238)
   defining Unicode char U+00EF (decimal 239)
   defining Unicode char U+00F8 (decimal 248)
   defining Unicode char U+0131 (decimal 305)
   defining Unicode char U+0141 (decimal 321)
   defining Unicode char U+0142 (decimal 322)
   defining Unicode char U+0152 (decimal 338)
   defining Unicode char U+0153 (decimal 339)
   defining Unicode char U+2013 (decimal 8211)
   defining Unicode char U+2014 (decimal 8212)
   defining Unicode char U+2018 (decimal 8216)
   defining Unicode char U+2019 (decimal 8217)
   defining Unicode char U+201C (decimal 8220)
   defining Unicode char U+201D (decimal 8221)
)
Now handling font encoding OMS ...
... processing UTF-8 mapping file for font encoding OMS

(/usr/share/texmf/tex/latex/base/omsenc.dfu
File: omsenc.dfu 2008/04/05 v1.1m UTF-8 support for inputenc
   defining Unicode char U+00A7 (decimal 167)
   defining Unicode char U+00B6 (decimal 182)
   defining Unicode char U+00B7 (decimal 183)
   defining Unicode char U+2020 (decimal 8224)
   defining Unicode char U+2021 (decimal 8225)
   defining Unicode char U+2022 (decimal 8226)
)
Now handling font encoding OMX ...
... no UTF-8 mapping file for font encoding OMX
Now handling font encoding U ...
... no UTF-8 mapping file for font encoding U
   defining Unicode char U+00A9 (decimal 169)
   defining Unicode char U+00AA (decimal 170)
   defining Unicode char U+00AE (decimal 174)
   defining Unicode char U+00BA (decimal 186)
   defining Unicode char U+02C6 (decimal 710)
   defining Unicode char U+02DC (decimal 732)
   defining Unicode char U+200C (decimal 8204)
   defining Unicode char U+2026 (decimal 8230)
   defining Unicode char U+2122 (decimal 8482)
   defining Unicode char U+2423 (decimal 9251)
))
(/usr/share/texmf/tex/latex/xcolor/xcolor.sty
Package: xcolor 2007/01/21 v2.11 LaTeX color extensions (UK)

(/usr/share/texmf/tex/latex/latexconfig/color.cfg
File: color.cfg 2007/01/18 v1.5 color configuration of teTeX/TeXLive
)
Package xcolor Info: Driver file: dvips.def on input line 225.

(/usr/share/texmf/tex/latex/graphics/dvips.def
File: dvips.def 1999/02/16 v3.0i Driver-dependant file (DPC,SPQR)
)
(/usr/share/texmf/tex/latex/colortbl/colortbl.sty
Package: colortbl 2012/02/13 v1.0a Color table columns (DPC)

(/usr/share/texmf/tex/latex/tools/array.sty
Package: array 2008/09/09 v2.4c Tabular extension package (FMi)
\col@sep=\dimen105
\extrarowheight=\dimen106
\NC@list=\toks16
\extratabsurround=\skip45
\backup@length=\skip46
)
\everycr=\toks17
\minrowclearance=\skip47
)
\rownum=\count93
Package xcolor Info: Model `cmy' substituted by `cmy0' on input line 1337.
Package xcolor Info: Model `RGB' extended on input line 1353.
Package xcolor Info: Model `HTML' substituted by `rgb' on input line 1355.
Package xcolor Info: Model `Hsb' substituted by `hsb' on input line 1356.
Package xcolor Info: Model `tHsb' substituted by `hsb' on input line 1357.
Package xcolor Info: Model `HSB' substituted by `hsb' on input line 1358.
Package xcolor Info: Model `Gray' substituted by `gray' on input line 1359.
Package xcolor Info: Model `wave' substituted by `hsb' on input line 1360.
)
(/usr/share/texmf/tex/latex/appendix/appendix.sty
Package: appendix 2009/09/02 v1.2b extra appendix facilities
\c@@pps=\count94
\c@@ppsavesec=\count95
\c@@ppsaveapp=\count96
)
(/usr/share/texmf/tex/latex/geometry/geometry.sty
Package: geometry 2010/09/12 v5.6 Page Geometry

(/usr/share/texmf/tex/latex/graphics/keyval.sty
Package: keyval 1999/03/16 v1.13 key=value parser (DPC)
\KV@toks@=\toks18
)
(/usr/share/texmf/tex/generic/oberdiek/ifpdf.sty
Package: ifpdf 2011/01/30 v2.3 Provides the ifpdf switch (HO)
Package ifpdf Info: pdfTeX in PDF mode is not detected.
)
(/usr/share/texmf/tex/generic/oberdiek/ifvtex.sty
Package: ifvtex 2010/03/01 v1.5 Detect VTeX and its facilities (HO)
Package ifvtex Info: VTeX not detected.
)
(/usr/share/texmf/tex/generic/ifxetex/ifxetex.sty
Package: ifxetex 2010/09/12 v0.6 Provides ifxetex conditional
)
\Gm@cnth=\count97
\Gm@cntv=\count98
\c@Gm@tempcnt=\count99
\Gm@bindingoffset=\dimen107
\Gm@wd@mp=\dimen108
\Gm@odd@mp=\dimen109
\Gm@even@mp=\dimen110
\Gm@layoutwidth=\dimen111
\Gm@layoutheight=\dimen112
\Gm@layouthoffset=\dimen113
\Gm@layoutvoffset=\dimen114
\Gm@dimlist=\toks19
)
(/usr/share/texmf/tex/latex/graphics/graphicx.sty
Package: graphicx 1999/02/16 v1.0f Enhanced LaTeX Graphics (DPC,SPQR)

(/usr/share/texmf/tex/latex/graphics/graphics.sty
Package: graphics 2009/02/05 v1.0o Standard LaTeX Graphics (DPC,SPQR)

(/usr/share/texmf/tex/latex/graphics/trig.sty
Package: trig 1999/03/16 v1.09 sin cos tan (DPC)
)
(/usr/share/texmf/tex/latex/latexconfig/graphics.cfg
File: graphics.cfg 2010/04/23 v1.9 graphics configuration of TeX Live
)
Package graphics Info: Driver file: dvips.def on input line 91.
)
\Gin@req@height=\dimen115
\Gin@req@width=\dimen116
)
(/usr/share/texmf/tex/latex/rotating/rotating.sty
Package: rotating 2009/03/28 v2.16a rotated objects in LaTeX

(/usr/share/texmf/tex/latex/base/ifthen.sty
Package: ifthen 2001/05/26 v1.1c Standard LaTeX ifthen package (DPC)
)
\c@r@tfl@t=\count100
\rotFPtop=\skip48
\rotFPbot=\skip49
\rot@float@box=\box31
\rot@mess@toks=\toks20
)

! LaTeX Error: File `wrapfig.sty' not found.

Type X to quit or <RETURN> to proceed,
or enter new name. (Default extension: sty)

Enter file name: 
(/usr/share/texmf/tex/latex/graphics/lscape.sty
Package: lscape 2000/10/22 v3.01 Landscape Pages (DPC)
)
(/usr/share/texmf/tex/latex/amsmath/amsmath.sty
Package: amsmath 2013/01/14 v2.14 AMS math features
\@mathmargin=\skip50

For additional information on amsmath, use the `?' option.
(/usr/share/texmf/tex/latex/amsmath/amstext.sty
Package: amstext 2000/06/29 v2.01

(/usr/share/texmf/tex/latex/amsmath/amsgen.sty
File: amsgen.sty 1999/11/30 v2.0
\@emptytoks=\toks21
\ex@=\dimen117
))
(/usr/share/texmf/tex/latex/amsmath/amsbsy.sty
Package: amsbsy 1999/11/29 v1.2d
\pmbraise@=\dimen118
)
(/usr/share/texmf/tex/latex/amsmath/amsopn.sty
Package: amsopn 1999/12/14 v2.01 operator names
)
\inf@bad=\count101
LaTeX Info: Redefining \frac on input line 210.
\uproot@=\count102
\leftroot@=\count103
LaTeX Info: Redefining \overline on input line 306.
\classnum@=\count104
\DOTSCASE@=\count105
LaTeX Info: Redefining \ldots on input line 378.
LaTeX Info: Redefining \dots on input line 381.
LaTeX Info: Redefining \cdots on input line 466.
\Mathstrutbox@=\box32
\strutbox@=\box33
\big@size=\dimen119
LaTeX Font Info:    Redeclaring font encoding OML on input line 566.
LaTeX Font Info:    Redeclaring font encoding OMS on input line 567.
\macc@depth=\count106
\c@MaxMatrixCols=\count107
\dotsspace@=\muskip10
\c@parentequation=\count108
\dspbrk@lvl=\count109
\tag@help=\toks22
\row@=\count110
\column@=\count111
\maxfields@=\count112
\andhelp@=\toks23
\eqnshift@=\dimen120
\alignsep@=\dimen121
\tagshift@=\dimen122
\tagwidth@=\dimen123
\totwidth@=\dimen124
\lineht@=\dimen125
\@envbody=\toks24
\multlinegap=\skip51
\multlinetaggap=\skip52
\mathdisplay@stack=\toks25
LaTeX Info: Redefining \[ on input line 2665.
LaTeX Info: Redefining \] on input line 2666.
)
(/usr/share/texmf/tex/latex/amsfonts/amsfonts.sty
Package: amsfonts 2013/01/14 v3.01 Basic AMSFonts support
\symAMSa=\mathgroup4
\symAMSb=\mathgroup5
LaTeX Font Info:    Overwriting math alphabet `\mathfrak' in version `bold'
(Font)                  U/euf/m/n --> U/euf/b/n on input line 106.
)
(/usr/share/texmf/tex/latex/amsfonts/amssymb.sty
Package: amssymb 2013/01/14 v3.01 AMS font symbols
)
(/usr/share/texmf/tex/latex/mh/mathtools.sty
Package: mathtools 2013/02/12 v1.13 mathematical typesetting tools

(/usr/share/texmf/tex/latex/tools/calc.sty
Package: calc 2007/08/22 v4.3 Infix arithmetic (KKT,FJ)
\calc@Acount=\count113
\calc@Bcount=\count114
\calc@Adimen=\dimen126
\calc@Bdimen=\dimen127
\calc@Askip=\skip53
\calc@Bskip=\skip54
LaTeX Info: Redefining \setlength on input line 76.
LaTeX Info: Redefining \addtolength on input line 77.
\calc@Ccount=\count115
\calc@Cskip=\skip55
)
(/usr/share/texmf/tex/latex/mh/mhsetup.sty
Package: mhsetup 2010/01/21 v1.2a programming setup (MH)
)
LaTeX Info: Thecontrolsequence`\['isalreadyrobust on input line 129.
LaTeX Info: Thecontrolsequence`\]'isalreadyrobust on input line 129.
\g_MT_multlinerow_int=\count116
\l_MT_multwidth_dim=\dimen128
\origjot=\skip56
\l_MT_shortvdotswithinadjustabove_dim=\dimen129
\l_MT_shortvdotswithinadjustbelow_dim=\dimen130
\l_MT_above_intertext_sep=\dimen131
\l_MT_below_intertext_sep=\dimen132
\l_MT_above_shortintertext_sep=\dimen133
\l_MT_below_shortintertext_sep=\dimen134
)
(/usr/share/texmf/tex/latex/mdwtools/footnote.sty
Package: footnote 1997/01/28 1.13 Save footnotes around boxes
\fn@notes=\box34
\fn@width=\dimen135
)
(/usr/share/texmf/tex/latex/hyphenat/hyphenat.sty
Package: hyphenat 2009/09/02 v2.3c hyphenation utilities
\langwohyphens=\language79
LaTeX Info: Redefining \_ on input line 43.
)
(/usr/share/texmf/tex/latex/tools/indentfirst.sty
Package: indentfirst 1995/11/23 v1.03 Indent first paragraph (DPC)
)
(/usr/share/texmf/tex/latex/oberdiek/epstopdf.sty
Package: epstopdf 2010/02/09 v2.5 Conversion with epstopdf on the fly (HO)

(/usr/share/texmf/tex/latex/oberdiek/epstopdf-base.sty
Package: epstopdf-base 2010/02/09 v2.5 Base part for package epstopdf

(/usr/share/texmf/tex/generic/oberdiek/infwarerr.sty
Package: infwarerr 2010/04/08 v1.3 Providing info/warning/error messages (HO)
)
(/usr/share/texmf/tex/latex/oberdiek/grfext.sty
Package: grfext 2010/08/19 v1.1 Manage graphics extensions (HO)

(/usr/share/texmf/tex/generic/oberdiek/kvdefinekeys.sty
Package: kvdefinekeys 2011/04/07 v1.3 Define keys (HO)

(/usr/share/texmf/tex/generic/oberdiek/ltxcmds.sty
Package: ltxcmds 2011/11/09 v1.22 LaTeX kernel commands for general use (HO)
)))
(/usr/share/texmf/tex/latex/oberdiek/kvoptions.sty
Package: kvoptions 2011/06/30 v3.11 Key value format for package options (HO)

(/usr/share/texmf/tex/generic/oberdiek/kvsetkeys.sty
Package: kvsetkeys 2012/04/25 v1.16 Key value parser (HO)

(/usr/share/texmf/tex/generic/oberdiek/etexcmds.sty
Package: etexcmds 2011/02/16 v1.5 Avoid name clashes with e-TeX commands (HO)

(/usr/share/texmf/tex/generic/oberdiek/ifluatex.sty
Package: ifluatex 2010/03/01 v1.3 Provides the ifluatex switch (HO)
Package ifluatex Info: LuaTeX not detected.
)
Package etexcmds Info: Could not find \expanded.
(etexcmds)             That can mean that you are not using pdfTeX 1.50 or
(etexcmds)             that some package has redefined \expanded.
(etexcmds)             In the latter case, load this package earlier.
)))
(/usr/share/texmf/tex/generic/oberdiek/pdftexcmds.sty
Package: pdftexcmds 2011/11/29 v0.20 Utility functions of pdfTeX for LuaTeX (HO
)
Package pdftexcmds Info: LuaTeX not detected.
Package pdftexcmds Info: \pdf@primitive is available.
Package pdftexcmds Info: \pdf@ifprimitive is available.
Package pdftexcmds Info: \pdfdraftmode is ignored in DVI mode.
)

Package epstopdf Warning: Drivers other than `pdftex.def' are not supported.

)) (/usr/share/texmf/tex/latex/ctable/ctable.sty
Package: ctable 2013/05/24 v1.25 Easy, key=value directed, option-rich, typeset
ting of floats

(/usr/share/texmf/tex/latex/xkeyval/xkeyval.sty
Package: xkeyval 2012/10/14 v2.6b package option processing (HA)

(/usr/share/texmf/tex/generic/xkeyval/xkeyval.tex
\XKV@toks=\toks26
\XKV@tempa@toks=\toks27
\XKV@depth=\count117
File: xkeyval.tex 2012/10/14 v2.6b key=value parser (HA)
))
(/usr/share/texmf/tex/latex/tools/tabularx.sty
Package: tabularx 1999/01/07 v2.07 `tabularx' package (DPC)
\TX@col@width=\dimen136
\TX@old@table=\dimen137
\TX@old@col=\dimen138
\TX@target=\dimen139
\TX@delta=\dimen140
\TX@cols=\count118
\TX@ftn=\toks28
)
(/usr/share/texmf/tex/latex/booktabs/booktabs.sty
Package: booktabs 2005/04/14 v1.61803 publication quality tables
\heavyrulewidth=\dimen141
\lightrulewidth=\dimen142
\cmidrulewidth=\dimen143
\belowrulesep=\dimen144
\belowbottomsep=\dimen145
\aboverulesep=\dimen146
\abovetopsep=\dimen147
\cmidrulesep=\dimen148
\cmidrulekern=\dimen149
\defaultaddspace=\dimen150
\@cmidla=\count119
\@cmidlb=\count120
\@aboverulesep=\dimen151
\@belowrulesep=\dimen152
\@thisruleclass=\count121
\@lastruleclass=\count122
\@thisrulewidth=\dimen153
)

Package ctable Warning: 
(ctable)                Transparency disabled: pdfTeX is not running in PDF mod
e .

\@ctblframesep=\dimen154
\@defaultctblframesep=\dimen155
\@ctblframerule=\dimen156
\@defaultctblframerule=\dimen157
\@ctblwidth=\dimen158
\@defaultctblwidth=\dimen159
\@ctblcaptionskip=\dimen160
\@defaultctblcaptionskip=\dimen161
\@ctblmaxwidth=\dimen162
\@defaultctblmaxwidth=\dimen163
\@ctblmincapwidth=\dimen164
\@defaultctblmincapwidth=\dimen165
\@ctblfooterwidth=\dimen166
\@defaultctblfooterwidth=\dimen167
\@ctblw=\dimen168
\@ctblfloatwidth=\dimen169
\@ctbloldsep=\dimen170
\@ctbloldrule=\dimen171
\ctbl@t=\box35
) (/usr/share/texmf/tex/latex/caption/caption.sty
Package: caption 2013/05/02 v3.3-89 Customizing captions (AR)

(/usr/share/texmf/tex/latex/caption/caption3.sty
Package: caption3 2013/05/02 v1.6-88 caption3 kernel (AR)
Package caption3 Info: TeX engine: e-TeX on input line 57.
\captionmargin=\dimen172
\captionmargin@=\dimen173
\captionwidth=\dimen174
\caption@tempdima=\dimen175
\caption@indent=\dimen176
\caption@parindent=\dimen177
\caption@hangindent=\dimen178
)
\c@ContinuedFloat=\count123
Package caption Info: rotating package is loaded.
Package caption Info: wrapfig package is loaded.


! Package caption Error: For a successful cooperation we need at least version
(caption)                `2003/01/31 v3.6' of package wrapfig,
(caption)                but only version
(caption)                `'
(caption)                is available.

See the caption package documentation for explanation.
Type  H <return>  for immediate help.
 ...                                              
                                                  
l.1764 }{}
          
? 
) (/usr/share/texmf/tex/latex/caption/subcaption.sty
Package: subcaption 2013/02/03 v1.1-62 Sub-captions (AR)
\c@subfigure=\count124
\c@subtable=\count125
)
(/usr/share/texmf/tex/latex/float/float.sty
Package: float 2001/11/08 v1.3d Float enhancements (AL)
\c@float@type=\count126
\float@exts=\toks29
\float@box=\box36
\@float@everytoks=\toks30
\@floatcapt=\box37
)
(/usr/share/texmf/tex/latex/etoolbox/etoolbox.sty
Package: etoolbox 2011/01/03 v2.1 e-TeX tools for LaTeX

(/usr/share/texmf/tex/latex/etex-pkg/etex.sty
Package: etex 1998/03/26 v2.0 eTeX basic definition package (PEB)
\et@xins=\count127
)
\etb@tempcnta=\count128
)
(/usr/share/texmf/tex/latex/pgf/frontendlayer/tikz.sty
(/usr/share/texmf/tex/latex/pgf/basiclayer/pgf.sty
(/usr/share/texmf/tex/latex/pgf/utilities/pgfrcs.sty
(/usr/share/texmf/tex/generic/pgf/utilities/pgfutil-common.tex
\pgfutil@everybye=\toks31
)
(/usr/share/texmf/tex/generic/pgf/utilities/pgfutil-latex.def
\pgfutil@abb=\box38

(/usr/share/texmf/tex/latex/ms/everyshi.sty
Package: everyshi 2001/05/15 v3.00 EveryShipout Package (MS)
))
(/usr/share/texmf/tex/generic/pgf/utilities/pgfrcs.code.tex
Package: pgfrcs 2010/10/25 v2.10 (rcs-revision 1.24)
))
Package: pgf 2008/01/15 v2.10 (rcs-revision 1.12)

(/usr/share/texmf/tex/latex/pgf/basiclayer/pgfcore.sty
(/usr/share/texmf/tex/latex/pgf/systemlayer/pgfsys.sty
(/usr/share/texmf/tex/generic/pgf/systemlayer/pgfsys.code.tex
Package: pgfsys 2010/06/30 v2.10 (rcs-revision 1.37)

(/usr/share/texmf/tex/generic/pgf/utilities/pgfkeys.code.tex
\pgfkeys@pathtoks=\toks32
\pgfkeys@temptoks=\toks33

(/usr/share/texmf/tex/generic/pgf/utilities/pgfkeysfiltered.code.tex
\pgfkeys@tmptoks=\toks34
))
\pgf@x=\dimen179
\pgf@y=\dimen180
\pgf@xa=\dimen181
\pgf@ya=\dimen182
\pgf@xb=\dimen183
\pgf@yb=\dimen184
\pgf@xc=\dimen185
\pgf@yc=\dimen186
\w@pgf@writea=\write3
\r@pgf@reada=\read1
\c@pgf@counta=\count129
\c@pgf@countb=\count130
\c@pgf@countc=\count131
\c@pgf@countd=\count132

(/usr/share/texmf/tex/generic/pgf/systemlayer/pgf.cfg
File: pgf.cfg 2008/05/14  (rcs-revision 1.7)
)
Package pgfsys Info: Driver file for pgf: pgfsys-dvips.def on input line 900.

(/usr/share/texmf/tex/generic/pgf/systemlayer/pgfsys-dvips.def
File: pgfsys-dvips.def 2008/04/03  (rcs-revision 1.20)

(/usr/share/texmf/tex/generic/pgf/systemlayer/pgfsys-common-postscript.def
File: pgfsys-common-postscript.def 2008/10/01  (rcs-revision 1.22)
\pgf@objectcount=\count133
)))
(/usr/share/texmf/tex/generic/pgf/systemlayer/pgfsyssoftpath.code.tex
File: pgfsyssoftpath.code.tex 2008/07/18  (rcs-revision 1.7)
\pgfsyssoftpath@smallbuffer@items=\count134
\pgfsyssoftpath@bigbuffer@items=\count135
)
(/usr/share/texmf/tex/generic/pgf/systemlayer/pgfsysprotocol.code.tex
File: pgfsysprotocol.code.tex 2006/10/16  (rcs-revision 1.4)
))
(/usr/share/texmf/tex/generic/pgf/basiclayer/pgfcore.code.tex
Package: pgfcore 2010/04/11 v2.10 (rcs-revision 1.7)

(/usr/share/texmf/tex/generic/pgf/math/pgfmath.code.tex
(/usr/share/texmf/tex/generic/pgf/math/pgfmathcalc.code.tex
(/usr/share/texmf/tex/generic/pgf/math/pgfmathutil.code.tex)
(/usr/share/texmf/tex/generic/pgf/math/pgfmathparser.code.tex
\pgfmath@dimen=\dimen187
\pgfmath@count=\count136
\pgfmath@box=\box39
\pgfmath@toks=\toks35
\pgfmath@stack@operand=\toks36
\pgfmath@stack@operation=\toks37
)
(/usr/share/texmf/tex/generic/pgf/math/pgfmathfunctions.code.tex
(/usr/share/texmf/tex/generic/pgf/math/pgfmathfunctions.basic.code.tex)
(/usr/share/texmf/tex/generic/pgf/math/pgfmathfunctions.trigonometric.code.tex)
(/usr/share/texmf/tex/generic/pgf/math/pgfmathfunctions.random.code.tex)
(/usr/share/texmf/tex/generic/pgf/math/pgfmathfunctions.comparison.code.tex)
(/usr/share/texmf/tex/generic/pgf/math/pgfmathfunctions.base.code.tex)
(/usr/share/texmf/tex/generic/pgf/math/pgfmathfunctions.round.code.tex)
(/usr/share/texmf/tex/generic/pgf/math/pgfmathfunctions.misc.code.tex)))
(/usr/share/texmf/tex/generic/pgf/math/pgfmathfloat.code.tex
\c@pgfmathroundto@lastzeros=\count137
))
(/usr/share/texmf/tex/generic/pgf/basiclayer/pgfcorepoints.code.tex
File: pgfcorepoints.code.tex 2010/04/09  (rcs-revision 1.20)
\pgf@picminx=\dimen188
\pgf@picmaxx=\dimen189
\pgf@picminy=\dimen190
\pgf@picmaxy=\dimen191
\pgf@pathminx=\dimen192
\pgf@pathmaxx=\dimen193
\pgf@pathminy=\dimen194
\pgf@pathmaxy=\dimen195
\pgf@xx=\dimen196
\pgf@xy=\dimen197
\pgf@yx=\dimen198
\pgf@yy=\dimen199
\pgf@zx=\dimen200
\pgf@zy=\dimen201
)
(/usr/share/texmf/tex/generic/pgf/basiclayer/pgfcorepathconstruct.code.tex
File: pgfcorepathconstruct.code.tex 2010/08/03  (rcs-revision 1.24)
\pgf@path@lastx=\dimen202
\pgf@path@lasty=\dimen203
)
(/usr/share/texmf/tex/generic/pgf/basiclayer/pgfcorepathusage.code.tex
File: pgfcorepathusage.code.tex 2008/04/22  (rcs-revision 1.12)
\pgf@shorten@end@additional=\dimen204
\pgf@shorten@start@additional=\dimen205
)
(/usr/share/texmf/tex/generic/pgf/basiclayer/pgfcorescopes.code.tex
File: pgfcorescopes.code.tex 2010/09/08  (rcs-revision 1.34)
\pgfpic=\box40
\pgf@hbox=\box41
\pgf@layerbox@main=\box42
\pgf@picture@serial@count=\count138
)
(/usr/share/texmf/tex/generic/pgf/basiclayer/pgfcoregraphicstate.code.tex
File: pgfcoregraphicstate.code.tex 2008/04/22  (rcs-revision 1.9)
\pgflinewidth=\dimen206
)
(/usr/share/texmf/tex/generic/pgf/basiclayer/pgfcoretransformations.code.tex
File: pgfcoretransformations.code.tex 2009/06/10  (rcs-revision 1.11)
\pgf@pt@x=\dimen207
\pgf@pt@y=\dimen208
\pgf@pt@temp=\dimen209
)
(/usr/share/texmf/tex/generic/pgf/basiclayer/pgfcorequick.code.tex
File: pgfcorequick.code.tex 2008/10/09  (rcs-revision 1.3)
)
(/usr/share/texmf/tex/generic/pgf/basiclayer/pgfcoreobjects.code.tex
File: pgfcoreobjects.code.tex 2006/10/11  (rcs-revision 1.2)
)
(/usr/share/texmf/tex/generic/pgf/basiclayer/pgfcorepathprocessing.code.tex
File: pgfcorepathprocessing.code.tex 2008/10/09  (rcs-revision 1.8)
)
(/usr/share/texmf/tex/generic/pgf/basiclayer/pgfcorearrows.code.tex
File: pgfcorearrows.code.tex 2008/04/23  (rcs-revision 1.11)
)
(/usr/share/texmf/tex/generic/pgf/basiclayer/pgfcoreshade.code.tex
File: pgfcoreshade.code.tex 2008/11/23  (rcs-revision 1.13)
\pgf@max=\dimen210
\pgf@sys@shading@range@num=\count139
)
(/usr/share/texmf/tex/generic/pgf/basiclayer/pgfcoreimage.code.tex
File: pgfcoreimage.code.tex 2010/03/25  (rcs-revision 1.16)

(/usr/share/texmf/tex/generic/pgf/basiclayer/pgfcoreexternal.code.tex
File: pgfcoreexternal.code.tex 2010/09/01  (rcs-revision 1.17)
\pgfexternal@startupbox=\box43
))
(/usr/share/texmf/tex/generic/pgf/basiclayer/pgfcorelayers.code.tex
File: pgfcorelayers.code.tex 2010/08/27  (rcs-revision 1.2)
)
(/usr/share/texmf/tex/generic/pgf/basiclayer/pgfcoretransparency.code.tex
File: pgfcoretransparency.code.tex 2008/01/17  (rcs-revision 1.2)
)
(/usr/share/texmf/tex/generic/pgf/basiclayer/pgfcorepatterns.code.tex
File: pgfcorepatterns.code.tex 2009/07/02  (rcs-revision 1.3)
)))
(/usr/share/texmf/tex/generic/pgf/modules/pgfmoduleshapes.code.tex
File: pgfmoduleshapes.code.tex 2010/09/09  (rcs-revision 1.13)
\pgfnodeparttextbox=\box44
)
(/usr/share/texmf/tex/generic/pgf/modules/pgfmoduleplot.code.tex
File: pgfmoduleplot.code.tex 2010/10/22  (rcs-revision 1.8)
)
(/usr/share/texmf/tex/latex/pgf/compatibility/pgfcomp-version-0-65.sty
Package: pgfcomp-version-0-65 2007/07/03 v2.10 (rcs-revision 1.7)
\pgf@nodesepstart=\dimen211
\pgf@nodesepend=\dimen212
)
(/usr/share/texmf/tex/latex/pgf/compatibility/pgfcomp-version-1-18.sty
Package: pgfcomp-version-1-18 2007/07/23 v2.10 (rcs-revision 1.1)
))
(/usr/share/texmf/tex/latex/pgf/utilities/pgffor.sty
(/usr/share/texmf/tex/latex/pgf/utilities/pgfkeys.sty
(/usr/share/texmf/tex/generic/pgf/utilities/pgfkeys.code.tex))
(/usr/share/texmf/tex/generic/pgf/utilities/pgffor.code.tex
Package: pgffor 2010/03/23 v2.10 (rcs-revision 1.18)
\pgffor@iter=\dimen213
\pgffor@skip=\dimen214
\pgffor@stack=\toks38
\pgffor@toks=\toks39
))
(/usr/share/texmf/tex/generic/pgf/frontendlayer/tikz/tikz.code.tex
Package: tikz 2010/10/13 v2.10 (rcs-revision 1.76)

(/usr/share/texmf/tex/generic/pgf/libraries/pgflibraryplothandlers.code.tex
File: pgflibraryplothandlers.code.tex 2010/05/31 v2.10 (rcs-revision 1.15)
\pgf@plot@mark@count=\count140
\pgfplotmarksize=\dimen215
)
\tikz@lastx=\dimen216
\tikz@lasty=\dimen217
\tikz@lastxsaved=\dimen218
\tikz@lastysaved=\dimen219
\tikzleveldistance=\dimen220
\tikzsiblingdistance=\dimen221
\tikz@figbox=\box45
\tikz@tempbox=\box46
\tikztreelevel=\count141
\tikznumberofchildren=\count142
\tikznumberofcurrentchild=\count143
\tikz@fig@count=\count144

(/usr/share/texmf/tex/generic/pgf/modules/pgfmodulematrix.code.tex
File: pgfmodulematrix.code.tex 2010/08/24  (rcs-revision 1.4)
\pgfmatrixcurrentrow=\count145
\pgfmatrixcurrentcolumn=\count146
\pgf@matrix@numberofcolumns=\count147
)
\tikz@expandcount=\count148

(/usr/share/texmf/tex/generic/pgf/frontendlayer/tikz/libraries/tikzlibrarytopat
hs.code.tex
File: tikzlibrarytopaths.code.tex 2008/06/17 v2.10 (rcs-revision 1.2)
))) (/usr/share/texmf/tex/generic/ulem/ulem.sty
\UL@box=\box47
\UL@hyphenbox=\box48
\UL@skip=\skip57
\UL@hook=\toks40
\UL@height=\dimen222
\UL@pe=\count149
\UL@pixel=\dimen223
\ULC@box=\box49
Package: ulem 2012/05/18
\ULdepth=\dimen224
) (./main.aux
(./cover.aux) (./contents.aux) (./chap1.aux) (./chap2.aux) (./chap3.aux

LaTeX Warning: Label `autosubScanEigen' multiply defined.

) (./chap4.aux) (./appa.aux) (./appb.aux

LaTeX Warning: Label `eq2' multiply defined.

) (./appc.aux

LaTeX Warning: Label `fx_function' multiply defined.

) (./biblio.aux))
\openout1 = `main.aux'.

LaTeX Font Info:    Checking defaults for OML/cmm/m/it on input line 68.
LaTeX Font Info:    ... okay on input line 68.
LaTeX Font Info:    Checking defaults for T1/cmr/m/n on input line 68.
LaTeX Font Info:    ... okay on input line 68.
LaTeX Font Info:    Checking defaults for OT1/cmr/m/n on input line 68.
LaTeX Font Info:    ... okay on input line 68.
LaTeX Font Info:    Checking defaults for OMS/cmsy/m/n on input line 68.
LaTeX Font Info:    ... okay on input line 68.
LaTeX Font Info:    Checking defaults for OMX/cmex/m/n on input line 68.
LaTeX Font Info:    ... okay on input line 68.
LaTeX Font Info:    Checking defaults for U/cmr/m/n on input line 68.
LaTeX Font Info:    ... okay on input line 68.

*geometry* driver: auto-detecting
*geometry* detected driver: dvips
*geometry* verbose mode - [ preamble ] result:
* driver: dvips
* paper: <default>
* layout: <same size as paper>
* layoutoffset:(h,v)=(0.0pt,0.0pt)
* modes: 
* h-part:(L,W,R)=(108.405pt, 433.62001pt, 72.26999pt)
* v-part:(T,H,B)=(72.26999pt, 650.43001pt, 72.26999pt)
* \paperwidth=614.295pt
* \paperheight=794.96999pt
* \textwidth=433.62001pt
* \textheight=650.43001pt
* \oddsidemargin=36.13501pt
* \evensidemargin=36.13501pt
* \topmargin=-37.0pt
* \headheight=12.0pt
* \headsep=25.0pt
* \topskip=12.0pt
* \footskip=30.0pt
* \marginparwidth=44.0pt
* \marginparsep=10.0pt
* \columnsep=10.0pt
* \skip\footins=10.8pt plus 4.0pt minus 2.0pt
* \hoffset=0.0pt
* \voffset=0.0pt
* \mag=1000
* \@twocolumnfalse
* \@twosidefalse
* \@mparswitchfalse
* \@reversemarginfalse
* (1in=72.27pt=25.4mm, 1cm=28.453pt)

Package caption Info: Begin \AtBeginDocument code.
Package caption Info: float package is loaded.
Package caption Info: End \AtBeginDocument code.
ABD: EveryShipout initializing macros
\openout2 = `cover.aux'.

 (./cover.tex
LaTeX Font Info:    Try loading font information for U+msa on input line 11.

(/usr/share/texmf/tex/latex/amsfonts/umsa.fd
File: umsa.fd 2013/01/14 v3.01 AMS symbols A
)
LaTeX Font Info:    Try loading font information for U+msb on input line 11.

(/usr/share/texmf/tex/latex/amsfonts/umsb.fd
File: umsb.fd 2013/01/14 v3.01 AMS symbols B
)) [1


]
\openout2 = `contents.aux'.

 (./contents.tex (./main.toc
Overfull \hbox (25.43439pt too wide) in paragraph at lines 2--2
 [][] []\T1/cmr/bx/n/12 Rigorous pro-ce-dures to in-clude mul-ti-ple frag-ment 
topolo-gies in elec-tronic 
 []


Overfull \hbox (8.7803pt too wide) in paragraph at lines 6--6
 [][][] []\T1/cmr/m/n/12 A pseudo-Hamiltonian for-mal-ism that al-lows con-tin-
u-ous mor-ph-ing across 
 []

[2



])
\tf@toc=\write4
\openout4 = `main.toc'.

 [3])
\openout2 = `chap1.aux'.

 (./chap1.tex
Chapter 1.
[4



]
Overfull \hbox (20.9802pt too wide) in paragraph at lines 23--63
\T1/cmr/m/n/12 (a) Born-Oppenheimer molec-u-lar dy-nam-ics (BOMD) [22[]31] and 
(b) ex-tended La-grangian
 []


Overfull \hbox (11.10466pt too wide) in paragraph at lines 23--63
\T1/cmr/m/n/12 La-grangian meth-ods, on the con-trary, si-mul-ta-ne-ously prop-
a-gate the elec-tronic struc-tural
 []


Overfull \hbox (21.12453pt too wide) in paragraph at lines 23--63
\T1/cmr/m/n/12 pa-ram-e-ters, along with the nu-clear frame-work, through a sim
-ple ad-just-ment of time-scales.
 []


Overfull \hbox (17.86282pt too wide) in paragraph at lines 23--63
\T1/cmr/m/n/12 ma-trix prop-a-ga-tion (ADMP) [64[]69] method uses atom-centered
 Gaus-sian ba-sis func-tions
 []


Overfull \hbox (20.92873pt too wide) in paragraph at lines 23--63
\T1/cmr/m/n/12 and sin-gle par-ti-cle elec-tronic den-sity ma-tri-ces as elec-t
ronic pa-ram-e-ters that are prop-a-gated
 []


Overfull \hbox (16.17252pt too wide) in paragraph at lines 23--63
\T1/cmr/m/n/12 with the nu-clei. The ADMP method has been em-ployed to study vi
-bra-tional spec-troscopy
 []

[5]
Overfull \hbox (7.47087pt too wide) in paragraph at lines 64--93
\T1/cmr/m/n/12 ONIOM method [95] has been gen-er-al-ized by us-ing the set-theo
retic, inclusion-exclusion
 []

[6]
Overfull \hbox (8.77257pt too wide) in paragraph at lines 94--119
\T1/cmr/m/n/12 atoms, a full po-ten-tial en-ergy sur-face is a $\OT1/cmr/m/n/12
 3\OML/cmm/m/it/12 N$ \T1/cmr/m/n/12 di-men-sional func-tion. Say, we ap-prox-i
-mate
 []


Overfull \hbox (51.92796pt too wide) in paragraph at lines 120--140
\T1/cmr/m/n/12 com-bined to ob-tain a smooth, in-ter-po-lated, adap-tive, syste
m-independent, multi-topology-based
 []


Overfull \hbox (14.85524pt too wide) in paragraph at lines 120--140
\T1/cmr/m/n/12 Chap-ter 2 that the method of com-put-ing a multi-topology sur-f
ace re-quires non-Hermitian
 []

[7] [8])
\openout2 = `chap2.aux'.

 (./chap2.tex
Chapter 2.

LaTeX Warning: Reference `dirichlet-tessalation' on page 9 undefined on input l
ine 8.


LaTeX Warning: Reference `dirichlet-tessalation' on page 9 undefined on input l
ine 10.


LaTeX Warning: Reference `dirichlet-tessalation' on page 9 undefined on input l
ine 12.


LaTeX Warning: Reference `dirichlet-tessalation' on page 9 undefined on input l
ine 15.


LaTeX Warning: Reference `dirichlet-tessalation' on page 9 undefined on input l
ine 17.

[9



]

LaTeX Warning: Reference `dirichlet-tessalation' on page 10 undefined on input 
line 22.


Overfull \hbox (8.976pt too wide) in paragraph at lines 22--29
[][]\T1/cmr/m/n/12 The im-age in Fig-ure [](b) is al-ge-braically trans-lated u
s-ing the set-theoretic prin-ci-ple
 []


Overfull \hbox (8.22423pt too wide) in paragraph at lines 22--29
\T1/cmr/m/n/12 re-gions carry en-ergy cor-rec-tion to the over-all sys-tem. The
 as-so-ci-ated inclusion-exclusion
 []


Overfull \hbox (38.46866pt too wide) in paragraph at lines 35--35
[] 
 []


LaTeX Warning: Reference `dirichlet-tessalation' on page 10 undefined on input 
line 38.


LaTeX Warning: Reference `dirichlet-tessalation' on page 10 undefined on input 
line 49.


Overfull \hbox (3.50374pt too wide) in paragraph at lines 46--70
\T1/cmr/m/n/12 both high as well as low level of the-ory cal-cu-la-tion on pri-
mary and deriva-tive frag-ments.
 []

[10]
Overfull \hbox (51.62776pt too wide) in paragraph at lines 71--71
[]\T1/cmr/bx/n/17.28 Challenges for AIMD and po-ten-tial sur-face cal-cu-la-tio
ns 
 []

[11]
File: figures/bomdEnergy.eps Graphic file (type eps)
 <figures/bomdEnergy.eps> [12]
File: figures/graph1all.eps Graphic file (type eps)
 <figures/graph1all.eps>
File: figures/reZoomedInWithoutCTM.eps Graphic file (type eps)

<figures/reZoomedInWithoutCTM.eps>
Overfull \hbox (5.22096pt too wide) in paragraph at lines 124--138
 [][][]  [] 
 []


Overfull \hbox (8.86642pt too wide) in paragraph at lines 141--154
\T1/cmr/m/n/12 frag-men-ta-tion pro-cess, re-quired in AIMD and in PES cal-cu-l
a-tions, many such topolo-gies
 []

[13]
Overfull \hbox (2.08743pt too wide) in paragraph at lines 155--155
[]\T1/cmr/bx/n/17.28 Formal con-structs for a multi-topology for-mal-ism 
 []

[14]

LaTeX Warning: Reference `dirichlet-tessalation' on page 15 undefined on input 
line 177.


Overfull \hbox (25.69543pt too wide) in paragraph at lines 183--190
[][]\T1/cmr/m/n/12 In prob-a-bly the most straight-forward im-ple-men-ta-tion, 
we cast this multiple-topology
 []


Overfull \hbox (4.62006pt too wide) in paragraph at lines 183--190
\T1/cmr/m/n/12 This par-tic-u-lar for-mal-ism is com-pletely bench-marked in th
is re-port and pre-sented
 []

[15]
Overfull \hbox (1.09592pt too wide) in paragraph at lines 198--200
[][]\T1/cmr/m/n/12 Our even-tual goal is to con-struct wavepacket dy-nam-ics on
 these mul-ti-ple sur-faces
 []

[16]
Overfull \hbox (58.85628pt too wide) in paragraph at lines 238--238
[]\T1/cmr/bx/n/17.28 A pseudo-Hamiltonian for-mal-ism that al-lows con-tin-u-ou
s
 []

[17] [18]
Overfull \hbox (21.81972pt too wide) in paragraph at lines 300--302
[][]\T1/cmr/m/n/12 We name this method of in-ter-po-la-tion as $[]$
 []

[19]
Overfull \hbox (73.76166pt too wide) in paragraph at lines 304--304
[]\T1/cmr/bx/n/17.28 Computational ef-fi-ciency for po-ten-tial sur-face cal-cu
-la-tions 
 []


Overfull \hbox (17.32623pt too wide) in paragraph at lines 305--314
\T1/cmr/m/n/12 cost. Par-al-lel com-put-ing im-ple-men-ta-tion of these frag-me
nt's po-ten-tial en-ergy cal-cu-la-tions
 []


Overfull \hbox (45.13214pt too wide) in paragraph at lines 320--320
[]\T1/cmr/bx/n/17.28 NEEDS TO BE MOD-I-FIED Other meth-ods de-vel-oped
 []


Overfull \hbox (3.81624pt too wide) in paragraph at lines 321--364
\T1/cmr/m/n/12 multi-state em-pir-i-cal va-lence bond model (MS-EVB) [190] to s
im-u-late pro-ton trans-port
 []

[20] [21])
\openout2 = `chap3.aux'.

 (./chap3.tex
Chapter 3.
[22



]
! Misplaced alignment tab character &.
l.32 ...stems and fuel cells, and (c) biological &
                                                   biologically inspired
? 

Overfull \hbox (2.9816pt too wide) in paragraph at lines 24--40
\T1/cmr/m/n/12 sys-tems with lo-cal-ized changes in topol-ogy may al-ways be ha
n-dled through ap-pro-pri-ate
 []


Overfull \hbox (9.11629pt too wide) in paragraph at lines 24--40
\T1/cmr/m/n/12 de-vel-op-ment of this pro-ce-dure into a ro-bust tool to com-pu
te mul-ti-di-men-sional po-ten-tials
 []

[23] [24]
Overfull \hbox (0.63364pt too wide) in paragraph at lines 77--81
[][]\T1/cmr/m/n/12 We uti-lize Eigen sys-tem and three pro-to-nated water-wires
 $\OT1/cmr/m/n/12 (\OML/cmm/m/it/12 H[]O\OT1/cmr/m/n/12 )[]\OML/cmm/m/it/12 H[]
$\T1/cmr/m/n/12 , $\OT1/cmr/m/n/12 (\OML/cmm/m/it/12 H[]O\OT1/cmr/m/n/12 )[]\OM
L/cmm/m/it/12 H[]$\T1/cmr/m/n/12 ,
 []


Overfull \hbox (42.89024pt too wide) in paragraph at lines 77--81
\T1/cmr/m/n/12 and $\OT1/cmr/m/n/12 (\OML/cmm/m/it/12 H[]O\OT1/cmr/m/n/12 )[]\O
ML/cmm/m/it/12 H[]$ \T1/cmr/m/n/12 as bench-mark sys-tems for po-ten-tial en-er
gy sur-face cal-cu-la-tions. Frag-men-ta-tion
 []


Overfull \hbox (36.97055pt too wide) in paragraph at lines 87--87
[]\T1/cmr/bx/n/17.28 Adaptive de-tec-tion of changes in topo-log-i-cal net-work
s 
 []


Overfull \hbox (4.36842pt too wide) in paragraph at lines 89--100
\T1/cmr/m/n/12 dis-tance. A sol-va-tion sphere con-tain-ing a max-i-mum of thre
e ad-di-tional wa-ter molec-u-lar
 []

[25]

LaTeX Warning: Reference `dirichlet-tessalation' on page 26 undefined on input 
line 111.


Overfull \hbox (7.30644pt too wide) in paragraph at lines 101--115
\T1/cmr/m/n/12 tri-an-gu-la-tion. For a given set of points in a d-dimensional 
space, De-lau-nay tri-an-gu-la-tion
 []

[26] [27]
Overfull \hbox (35.89027pt too wide) in paragraph at lines 152--152
[]\T1/cmr/bx/n/14.4 Comparison of di-a-batic sur-faces with their CTM in-ter-po
-la-tion
 []


Overfull \hbox (3.9848pt too wide) in paragraph at lines 154--160
[][]\T1/cmr/m/n/12 Reduced di-men-sion po-ten-tial sur-faces are com-puted for 
the wa-ter-wire ($\OT1/cmr/m/n/12 (\OML/cmm/m/it/12 H[]O\OT1/cmr/m/n/12 )[]\OML
/cmm/m/it/12 H[]$\T1/cmr/m/n/12 )
 []

[28]
Overfull \hbox (4.39078pt too wide) in paragraph at lines 189--194
\T1/cmr/m/n/12 An-other im-por-tant ob-ser-va-tion is that the sur-faces cor-re
-spond-ing to $\OML/cmm/m/it/12 E[]; E[]$
 []

File: figures/twoTopoWithWaterwireChanged.eps Graphic file (type eps)
<figures/twoTopoWithWaterwireChanged.eps>
File: figures/DiffERepeated.eps Graphic file (type eps)
 <figures/DiffERepeated.eps>
Overfull \hbox (5.22096pt too wide) in paragraph at lines 197--210
 [][][]  [] 
 []

! Missing $ inserted.
<inserted text> 
                $
l.216 ...pology1}$ on the left side and hence $E$_
                                                  {CTM}-$E_{Topology1}$
? 
! Missing $ inserted.
<inserted text> 
                $
l.216 ... on the left side and hence $E$_{CTM}-$E_
                                                  {Topology1}$
? 
[29]
Overfull \hbox (24.64435pt too wide) in paragraph at lines 224--230
[][]\T1/cmr/m/n/12 Using all the three po-ten-tial dis-cussed above sym-metrize
d Hamil-to-ni-ans are con-structed
 []

File: figures/DiffEVRepeated.eps Graphic file (type eps)
<figures/DiffEVRepeated.eps> [30]
Overfull \hbox (22.56439pt too wide) in paragraph at lines 247--252
[][]\T1/cmr/m/n/12 One of the fu-ture goals of this project is to also im-ple-m
ent a topo-log-i-cal surface-hopping
 []

[31] [32]
File: figures/eigen1.eps Graphic file (type eps)
 <figures/eigen1.eps>
File: figures/eigen2.eps Graphic file (type eps)
 <figures/eigen2.eps>
Overfull \hbox (5.22096pt too wide) in paragraph at lines 272--286
 [][][]  [] 
 []

[33] [34]
Overfull \hbox (7.86325pt too wide) in paragraph at lines 333--336
\T1/cmr/m/n/12 po-ten-tials. Er-ror anal-y-sis on pro-ton eigen-val-ues and pro
-ton eigen-states will be dis-cussed
 []

File: figures/bars.eps Graphic file (type eps)
<figures/bars.eps> [35] [36]
File: figures/E.eps Graphic file (type eps)
 <figures/E.eps> [37]
Overfull \hbox (5.17006pt too wide) in paragraph at lines 390--406
[][]\T1/cmr/m/n/12 Figure 3-6[] shows the ac-cu-racy of first ten pro-ton eigen
-states and their cor-re-spond-ing
 []

[38] [39]
File: figures/eigenEvalEditted.eps Graphic file (type eps)
 <figures/eigenEvalEditted.eps>

LaTeX Warning: Reference `waterwiresFigure' on page 40 undefined on input line 
443.


LaTeX Warning: Reference `waterwiresFigure' on page 40 undefined on input line 
446.

[40]
File: figures/ex3ww.eps Graphic file (type eps)
 <figures/ex3ww.eps>
File: figures/ex5ww.eps Graphic file (type eps)
 <figures/ex5ww.eps>
File: figures/in3ww.eps Graphic file (type eps)
 <figures/in3ww.eps>
File: figures/in5ww.eps Graphic file (type eps)

<figures/in5ww.eps>
File: figures/ex12ww.eps Graphic file (type eps)
 <figures/ex12ww.eps>
File: figures/in12ww.eps Graphic file (type eps)
 <figures/in12ww.eps> [41] [42]
[43]
File: figures/wwbars.eps Graphic file (type eps)
 <figures/wwbars.eps> [44] [45]
File: figures/wwE.eps Graphic file (type eps)
 <figures/wwE.eps> [46] [47]
File: figures/barsEditted.eps Graphic file (type eps)

<figures/barsEditted.eps> [48] [49]
File: figures/threeTopoCase.eps Graphic file (type eps)
 <figures/threeTopoCase.eps> [50]
! Undefined control sequence.
l.676 {\unknownSeamSection
                          }
? 
File: figures/autosubScanEigen.eps Graphic file (type eps)
<figures/autosubScanEigen.eps> [51] [52]
File: figures/autosubError.eps Graphic file (type eps)
 <figures/autosubError.eps> [53]
File: figures/potentialsGraph.eps Graphic file (type eps)

<figures/potentialsGraph.eps>
File: figures/diffGraph.eps Graphic file (type eps)
 <figures/diffGraph.eps>
Overfull \hbox (5.22096pt too wide) in paragraph at lines 752--765
 [][][]  [] 
 []

[54] [55])
\openout2 = `chap4.aux'.

 (./chap4.tex
Chapter 4.
! Undefined control sequence.
l.16 been shown in Refs. \onlinecite
                                    {SLO-rare-isotopes} that the acceptor si...

? 

Overfull \hbox (1.21939pt too wide) in paragraph at lines 5--44
\T1/cmr/m/n/12 sys-tems, but it is still im-pos-si-ble to use it for large sys-
tems such as bi-o-log-i-cal molecules,
 []

[56



] [57]
Overfull \hbox (53.22508pt too wide) in paragraph at lines 45--45
[]\T1/cmr/bx/n/17.28 Landau-Zener based topo-log-i-cal tran-si-tion prob-a-bil-
i-ties 
 []


Overfull \hbox (8.39815pt too wide) in paragraph at lines 73--88
\T1/cmr/m/n/12 col-li-sion pro-cesses in-volv-ing nona-di-a-batic tran-si-tions
 such as charge trans-fer, quench-ing,
 []

[58]
Overfull \hbox (2.97762pt too wide) in paragraph at lines 92--101
[]\T1/cmr/m/n/12 for a given tra-jec-tory R(t) [187]. Here $\OML/cmm/m/it/12 v$
 \T1/cmr/m/n/12 is nu-clear ve-loc-ity, $\OML/cmm/m/it/12 ^^^[]$ \T1/cmr/m/n/12
 are elec-tronic eigen-states.
 []


Overfull \hbox (18.7559pt too wide) in paragraph at lines 92--101
\OML/cmm/m/it/12 E[]$ \T1/cmr/m/n/12 and $\OML/cmm/m/it/12 E[]$ \T1/cmr/m/n/12 
are elec-tronic en-ergy eigen-val-ues cor-re-spond-ing to $\OML/cmm/m/it/12 i[]
$ \T1/cmr/m/n/12 and $\OML/cmm/m/it/12 j[]$ \T1/cmr/m/n/12 states re-spec-tivel
y.
 []


Overfull \hbox (2.39026pt too wide) in paragraph at lines 92--101
\T1/cmr/m/n/12 Hence, fol-low-ing our anal-ogy be-tween elec-tronic en-er-gies 
and frag-ment based elec-tronic
 []


Overfull \hbox (18.44875pt too wide) in paragraph at lines 92--101
\T1/cmr/m/n/12 ap-prox-i-ma-tion is the as-sump-tion that the eigen-states cor-
re-spond-ing to dif-fer-ent topolo-gies
 []

[59]) [60]
\openout2 = `appa.aux'.

 (./appa.tex
Appendix A.

Overfull \hbox (18.64452pt too wide) in paragraph at lines 3--9
[][]\T1/cmr/m/n/12 The mo-ti-va-tion for purely imag-i-nary off-diagonal el-e-m
ents, and hence a non-Hermitian
 []


Overfull \hbox (7.56067pt too wide) detected at line 19
[]
 []

[61



]
Overfull \hbox (7.56067pt too wide) detected at line 43
[]
 []

[62] [63])
\openout2 = `appb.aux'.

 (./appb.tex
Appendix B.

Overfull \hbox (6.70155pt too wide) in paragraph at lines 5--13
\T1/cmr/m/n/12 in-volve these elec-tronic struc-ture cal-cu-la-tions at each po
int on a grid, the com-pu-ta-tional
 []


Overfull \hbox (6.7192pt too wide) in paragraph at lines 5--13
\T1/cmr/m/n/12 ex-pense grows ex-po-nen-tially. Use of par-al-lel com-put-ing i
n the frag-ment based elec-tronic
 []

[64



]
! Missing } inserted.
<inserted text> 
                }
l.26 T_{1} &     =  ($
                      t_{Full}^{low}$ + $P.t_{primary}^{high}$ + $D.t_{deriv...

? 
! Missing $ inserted.
<inserted text> 
                $
l.26 T_{1} &     =  ($t_
                        {Full}^{low}$ + $P.t_{primary}^{high}$ + $D.t_{deriv...

? 
! Missing $ inserted.
<inserted text> 
                $
l.27  + D.t_
            {derivative}^{low}) M
? 
! Missing { inserted.
<inserted text> 
                {
l.28 \end{aligned}
                  \right.
? 
[65] [66] [67])
\openout2 = `appc.aux'.

 (./appc.tex
Appendix C.
[68



]
! Missing $ inserted.
<inserted text> 
                $
l.30 ...tion will tend to a step function as b \to
                                                   \infty.
? 
! Missing $ inserted.
<inserted text> 
                $
l.31 
     
? 
! Missing $ inserted.
<inserted text> 
                $
l.33 boundary, t \in
                     $\{t_{ij}^{0},t_{ij}^{1}\}$ mentioned in Eq. \ref{param...

? 
! Missing $ inserted.
<inserted text> 
                $
l.33 boundary, t \in $\{t_
                          {ij}^{0},t_{ij}^{1}\}$ mentioned in Eq. \ref{param...

? 
[69])
\openout2 = `biblio.aux'.

 (./biblio.tex (./main.bbl
Underfull \hbox (badness 1354) in paragraph at lines 54--59
\T1/cmr/m/n/12 Vir-ginia E Teige, and Gre-gory A Voth.  The prop-er-ties of ion
-water
 []

[70



]

! Package inputenc Error: Unicode char \u8: not set up for use with LaTeX.

See the inputenc package documentation for explanation.
Type  H <return>  for immediate help.
 ...                                              
                                                  
l.87 ...predissociation spectra of the h 5 o 2+
                                                   rg n (rg=
? 

Underfull \hbox (badness 1565) in paragraph at lines 111--116
[][]\T1/cmr/m/n/12 R. Benny Ger-ber, My-chel E. Varner, Au-drey D. Ham-merich, 
Sampsa
 []

[71]
Underfull \hbox (badness 1442) in paragraph at lines 153--157
[][]\T1/cmr/m/n/12 K. Bolton, W. L. Hase, and G. H. Pesl-herbe.  \T1/cmr/m/it/1
2 Mod-ern Meth-ods for
 []


Underfull \hbox (badness 3460) in paragraph at lines 153--157
\T1/cmr/m/it/12 Mul-ti-di-men-sional Dy-nam-ics Com-pu-ta-tion in Chem-istry\T1
/cmr/m/n/12 , chap-ter Di-rect
 []

[72] [73]
Underfull \hbox (badness 8151) in paragraph at lines 316--320
[][]\T1/cmr/m/n/12 G. Lip-pert, J. Hut-ter, and M. Par-rinello.  The gaus-sian 
and
 []


Underfull \hbox (badness 1142) in paragraph at lines 316--320
\T1/cmr/m/n/12 augmented-plane-wave den-sity func-tional method for ab ini-tio 
molec-u-lar
 []

[74]
Underfull \hbox (badness 1354) in paragraph at lines 403--408
\T1/cmr/m/n/12 Vir-ginia E Teige, and Gre-gory A Voth.  The prop-er-ties of ion
-water
 []


Underfull \hbox (badness 3039) in paragraph at lines 424--428
[][]\T1/cmr/m/n/12 Xiaohu Li, Vir-ginia E Teige, and Srini-vasan S Iyen-gar.  C
an the
 []

[75]
Underfull \hbox (badness 1910) in paragraph at lines 507--511
[][]\T1/cmr/m/n/12 Lori M Lev-er-ing, M Rox-ana Sierra-Hernandez, and Heather C
 Allen.
 []

[76]
Underfull \hbox (badness 1348) in paragraph at lines 533--538
[][]\T1/cmr/m/n/12 Lung Wa Chung, Ha-jime Hi-rao, Xin Li, and Keiji Mo-rokuma. 
 The
 []


Underfull \hbox (badness 1102) in paragraph at lines 533--538
\T1/cmr/m/n/12 oniom method: its foun-da-tion and ap-pli-ca-tions to met-al-loe
n-zymes and
 []


Underfull \hbox (badness 5260) in paragraph at lines 540--544
[][]\T1/cmr/m/n/12 Krishnan Raghavachari and Ar-jun Saha.  Ac-cu-rate com-pos-i
te and
 []


Underfull \hbox (badness 1308) in paragraph at lines 553--556
[][]\T1/cmr/m/n/12 Michael A. Collins and Ryan P. A. Bet-tens.  Energy-based mo
lec-u-lar
 []

[77]
Underfull \hbox (badness 7704) in paragraph at lines 617--621
[][]\T1/cmr/m/n/12 Lin-Wang Wang, Zhengji Zhao, and Juan Meza.  Linear-scaling
 []


Underfull \hbox (badness 4726) in paragraph at lines 617--621
\T1/cmr/m/n/12 three-dimensional frag-ment method for large-scale elec-tronic s
truc-ture
 []


Underfull \hbox (badness 1205) in paragraph at lines 635--640
\T1/cmr/m/n/12 molecules and ma-te-ri-als.  \T1/cmr/m/it/12 Jour-nal of chem-i-
cal the-ory and com-pu-ta-tion\T1/cmr/m/n/12 ,
 []

[78]
Underfull \hbox (badness 1418) in paragraph at lines 728--732
\T1/cmr/m/n/12 large molecules: Ap-pli-ca-tion to myo-globin.  \T1/cmr/m/it/12 
Chem-i-cal Physics Let-ters\T1/cmr/m/n/12 ,
 []

[79]
Underfull \hbox (badness 1043) in paragraph at lines 752--755
\T1/cmr/m/n/12 for sim-u-la-tion of in-fre-quent events.  \T1/cmr/m/it/12 The J
our-nal of Chem-i-cal Physics\T1/cmr/m/n/12 ,
 []


Underfull \hbox (badness 1248) in paragraph at lines 757--761
[][]\T1/cmr/m/n/12 EA Carter, Gio-vanni Ci-c-cotti, James T Hynes, and Ray-mond
 Kapral.
 []


Underfull \hbox (badness 3240) in paragraph at lines 810--814
\T1/cmr/m/n/12 per-tur-ba-tion the-ory cor-rec-tions for the vi-bra-tional self
-consistent field
 []

[80]
Underfull \hbox (badness 1005) in paragraph at lines 816--820
\T1/cmr/m/n/12 state dy-nam-ics and de-cay in clhcl-.  \T1/cmr/m/it/12 The Jour
-nal of chem-i-cal physics\T1/cmr/m/n/12 ,
 []


Underfull \hbox (badness 3260) in paragraph at lines 853--858
[][]\T1/cmr/m/n/12 Riccardo Conte, Chen Qu, and Joel M Bow-man.  Per-mu-ta-tion
-ally
 []

[81]

! Package inputenc Error: Unicode char \u8: not set up for use with LaTeX.

See the inputenc package documentation for explanation.
Type  H <return>  for immediate help.
 ...                                              
                                                  
l.926   ch4
               h2+ ch3 reaction.
? 

Underfull \hbox (badness 1325) in paragraph at lines 936--942
\T1/cmr/m/n/12 molec-u-lar dy-nam-ics: An ap-proach for com-put-ing dy-nam-i-ca
lly av-er-aged
 []


Underfull \hbox (badness 1701) in paragraph at lines 950--955
[][]\T1/cmr/m/n/12 Jrg Behler.  Con-struct-ing high-dimensional neu-ral net-wo
rk po-ten-tials:
 []


Underfull \hbox (badness 7433) in paragraph at lines 950--955
\T1/cmr/m/n/12 A tu-to-rial re-view.  \T1/cmr/m/it/12 In-ter-na-tional Jour-nal
 of Quan-tum Chem-istry\T1/cmr/m/n/12 ,
 []

[82]
Underfull \hbox (badness 1931) in paragraph at lines 975--978
\T1/cmr/m/n/12 by ar-ti-fi-cial neu-ral net-works.  \T1/cmr/m/it/12 The Jour-na
l of Phys-i-cal Chem-istry A\T1/cmr/m/n/12 ,
 []


Underfull \hbox (badness 10000) in paragraph at lines 987--991
\T1/cmr/m/n/12 neu-ral net-work po-ten-tials.  \T1/cmr/m/it/12 Phys-i-cal Chem-
istry Chem-i-cal Physics\T1/cmr/m/n/12 ,
 []


Underfull \hbox (badness 2846) in paragraph at lines 993--997
\T1/cmr/m/n/12 of high-dimensional potential-energy sur-faces.  \T1/cmr/m/it/12
 Phys-i-cal re-view let-ters\T1/cmr/m/n/12 ,
 []


Underfull \hbox (badness 1642) in paragraph at lines 999--1003
\T1/cmr/m/n/12 tool for large-scale sim-u-la-tions.  \T1/cmr/m/it/12 Phys-i-cal
 Chem-istry Chem-i-cal Physics\T1/cmr/m/n/12 ,
 []


Underfull \hbox (badness 4954) in paragraph at lines 1005--1010
\T1/cmr/m/n/12 ab ini-tio molec-u-lar dy-nam-ics with qm/mm and qm/qm tech-niqu
es:
 []

[83] [84] [85]
Underfull \hbox (badness 2762) in paragraph at lines 1195--1201
\T1/cmr/m/n/12 of hydrogen-bonded sys-tems us-ing the mul-tiref-er-ence gen-er-
al-iza-tion to
 []


Underfull \hbox (badness 2261) in paragraph at lines 1239--1242
[][]\T1/cmr/m/n/12 SR Bil-leter and WF Van Gun-steren.  Pro-toniz-able wa-ter m
odel for
 []

[86]
Underfull \hbox (badness 1320) in paragraph at lines 1307--1310
[][]\T1/cmr/m/n/12 Charles F Van Loan.  Ma-trix com-pu-ta-tions (johns hop-kins
 stud-ies in
 []

)) [87] (./main.aux (./cover.aux) (./contents.aux) (./chap1.aux) (./chap2.aux)
(./chap3.aux) (./chap4.aux) (./appa.aux) (./appb.aux) (./appc.aux)
(./biblio.aux))

LaTeX Warning: There were undefined references.


LaTeX Warning: There were multiply-defined labels.

 ) 
Here is how much of TeX's memory you used:
 14844 strings out of 493316
 254783 string characters out of 6145919
 318315 words of memory out of 5000000
 17826 multiletter control sequences out of 15000+600000
 34308 words of font info for 100 fonts, out of 8000000 for 9000
 957 hyphenation exceptions out of 8191
 56i,9n,92p,984b,612s stack positions out of 5000i,500n,10000p,200000b,80000s

Output written on main.dvi (87 pages, 231844 bytes).
